\BOOKMARK [0][-]{chapter*.1}{\376\377\004\022\004\062\004\065\004\064\004\065\004\075\004\070\004\065}{}% 1
\BOOKMARK [0][-]{chapter.1}{\376\377\004\020\004\075\004\060\004\073\004\070\004\102\004\070\004\107\004\065\004\101\004\072\004\070\004\071\000\040\004\100\004\060\004\067\004\064\004\065\004\073}{}% 2
\BOOKMARK [1][-]{section.1.1}{\376\377\004\036\004\101\004\075\004\076\004\062\004\075\004\113\004\065\000\040\004\077\004\076\004\075\004\117\004\102\004\070\004\117\000\040\004\077\004\100\004\076\004\102\004\076\004\072\004\076\004\073\004\060\000\040\000S\000M\000T\000P}{chapter.1}% 3
\BOOKMARK [1][-]{section.1.2}{\376\377\000S\000M\000T\000P\000-\004\101\004\065\004\101\004\101\004\070\004\117}{chapter.1}% 4
\BOOKMARK [1][-]{section.1.3}{\376\377\004\020\004\100\004\105\004\070\004\102\004\065\004\072\004\102\004\103\004\100\004\060\000\040\004\062\004\067\004\060\004\070\004\074\004\076\004\064\004\065\004\071\004\101\004\102\004\062\004\070\004\117\000\040\004\072\004\073\004\070\004\065\004\075\004\102\004\060\000\040\004\101\000\040\004\101\004\065\004\100\004\062\004\065\004\100\004\076\004\074}{chapter.1}% 5
\BOOKMARK [0][-]{chapter.2}{\376\377\004\032\004\076\004\075\004\101\004\102\004\100\004\103\004\072\004\102\004\076\004\100\004\101\004\072\004\070\004\071\000\040\004\100\004\060\004\067\004\064\004\065\004\073}{}% 6
\BOOKMARK [1][-]{section.2.1}{\376\377\004\040\004\060\004\067\004\100\004\060\004\061\004\076\004\102\004\072\004\060\000\040\000S\000M\000T\000P\000-\004\072\004\073\004\070\004\065\004\075\004\102\004\060}{chapter.2}% 7
\BOOKMARK [1][-]{section.2.2}{\376\377\004\036\004\077\004\070\004\101\004\060\004\075\004\070\004\065\000\040\004\104\004\076\004\100\004\074\004\060\004\102\004\060\000\040\004\105\004\100\004\060\004\075\004\065\004\075\004\070\004\117\000\040\004\077\004\070\004\101\004\065\004\074\000\040\004\062\000\040\004\104\004\060\004\071\004\073\004\076\004\062\004\076\004\071\000\040\004\101\004\070\004\101\004\102\004\065\004\074\004\065}{chapter.2}% 8
\BOOKMARK [1][-]{section.2.3}{\376\377\004\036\004\101\004\075\004\076\004\062\004\075\004\076\004\071\000\040\004\077\004\100\004\076\004\106\004\065\004\101\004\101\000\040\004\100\004\060\004\061\004\076\004\102\004\113\000\040\000S\000M\000T\000P\000-\004\072\004\073\004\070\004\065\004\075\004\102\004\060}{chapter.2}% 9
\BOOKMARK [1][-]{section.2.4}{\376\377\004\042\004\065\004\101\004\102\004\070\004\100\004\076\004\062\004\060\004\075\004\070\004\065}{chapter.2}% 10
\BOOKMARK [1][-]{section.2.5}{\376\377\004\036\004\101\004\075\004\076\004\062\004\075\004\113\004\065\000\040\004\104\004\103\004\075\004\072\004\106\004\070\004\070\000\040\004\077\004\100\004\076\004\063\004\100\004\060\004\074\004\074\004\113}{chapter.2}% 11
\BOOKMARK [2][-]{subsection.2.5.1}{\376\377\004\044\004\060\004\071\004\073\000\040\000i\000n\000c\000l\000u\000d\000e\000/\000c\000o\000n\000f\000i\000g\000/\000c\000o\000n\000f\000i\000g\000.\000h}{section.2.5}% 12
\BOOKMARK [3][-]{subsubsection.2.5.1.1}{\376\377\004\034\004\060\004\072\004\100\004\076\004\101\004\113}{subsection.2.5.1}% 13
\BOOKMARK [3][-]{subsubsection.2.5.1.2}{\376\377\004\042\004\070\004\077\004\113}{subsection.2.5.1}% 14
\BOOKMARK [3][-]{subsubsection.2.5.1.3}{\376\377\004\044\004\103\004\075\004\072\004\106\004\070\004\070}{subsection.2.5.1}% 15
\BOOKMARK [3][-]{subsubsection.2.5.1.4}{\376\377\004\037\004\065\004\100\004\065\004\074\004\065\004\075\004\075\004\113\004\065}{subsection.2.5.1}% 16
\BOOKMARK [2][-]{subsection.2.5.2}{\376\377\004\044\004\060\004\071\004\073\000\040\000i\000n\000c\000l\000u\000d\000e\000/\000c\000o\000n\000t\000e\000x\000t\000/\000c\000o\000n\000t\000e\000x\000t\000.\000h}{section.2.5}% 17
\BOOKMARK [3][-]{subsubsection.2.5.2.1}{\376\377\004\042\004\070\004\077\004\113}{subsection.2.5.2}% 18
\BOOKMARK [3][-]{subsubsection.2.5.2.2}{\376\377\004\044\004\103\004\075\004\072\004\106\004\070\004\070}{subsection.2.5.2}% 19
\BOOKMARK [3][-]{subsubsection.2.5.2.3}{\376\377\004\037\004\065\004\100\004\065\004\074\004\065\004\075\004\075\004\113\004\065}{subsection.2.5.2}% 20
\BOOKMARK [2][-]{subsection.2.5.3}{\376\377\004\044\004\060\004\071\004\073\000\040\000i\000n\000c\000l\000u\000d\000e\000/\000l\000o\000g\000/\000l\000o\000g\000s\000.\000h}{section.2.5}% 21
\BOOKMARK [3][-]{subsubsection.2.5.3.1}{\376\377\004\034\004\060\004\072\004\100\004\076\004\101\004\113}{subsection.2.5.3}% 22
\BOOKMARK [3][-]{subsubsection.2.5.3.2}{\376\377\004\042\004\070\004\077\004\113}{subsection.2.5.3}% 23
\BOOKMARK [3][-]{subsubsection.2.5.3.3}{\376\377\004\037\004\065\004\100\004\065\004\107\004\070\004\101\004\073\004\065\004\075\004\070\004\117}{subsection.2.5.3}% 24
\BOOKMARK [3][-]{subsubsection.2.5.3.4}{\376\377\004\044\004\103\004\075\004\072\004\106\004\070\004\070}{subsection.2.5.3}% 25
\BOOKMARK [3][-]{subsubsection.2.5.3.5}{\376\377\004\037\004\065\004\100\004\065\004\074\004\065\004\075\004\075\004\113\004\065}{subsection.2.5.3}% 26
\BOOKMARK [2][-]{subsection.2.5.4}{\376\377\004\044\004\060\004\071\004\073\000\040\000i\000n\000c\000l\000u\000d\000e\000/\000m\000a\000i\000l\000d\000i\000r\000/\000m\000a\000i\000l\000d\000i\000r\000.\000h}{section.2.5}% 27
\BOOKMARK [3][-]{subsubsection.2.5.4.1}{\376\377\004\042\004\070\004\077\004\113}{subsection.2.5.4}% 28
\BOOKMARK [3][-]{subsubsection.2.5.4.2}{\376\377\004\044\004\103\004\075\004\072\004\106\004\070\004\070}{subsection.2.5.4}% 29
\BOOKMARK [2][-]{subsection.2.5.5}{\376\377\004\044\004\060\004\071\004\073\000\040\000i\000n\000c\000l\000u\000d\000e\000/\000s\000m\000t\000p\000/\000s\000m\000t\000p\000.\000h}{section.2.5}% 30
\BOOKMARK [3][-]{subsubsection.2.5.5.1}{\376\377\004\042\004\070\004\077\004\113}{subsection.2.5.5}% 31
\BOOKMARK [3][-]{subsubsection.2.5.5.2}{\376\377\004\037\004\065\004\100\004\065\004\107\004\070\004\101\004\073\004\065\004\075\004\070\004\117}{subsection.2.5.5}% 32
\BOOKMARK [3][-]{subsubsection.2.5.5.3}{\376\377\004\044\004\103\004\075\004\072\004\106\004\070\004\070}{subsection.2.5.5}% 33
\BOOKMARK [2][-]{subsection.2.5.6}{\376\377\004\044\004\060\004\071\004\073\000\040\000i\000n\000c\000l\000u\000d\000e\000/\000u\000t\000i\000l\000/\000u\000t\000i\000l\000.\000h}{section.2.5}% 34
\BOOKMARK [3][-]{subsubsection.2.5.6.1}{\376\377\004\034\004\060\004\072\004\100\004\076\004\101\004\113}{subsection.2.5.6}% 35
\BOOKMARK [3][-]{subsubsection.2.5.6.2}{\376\377\004\042\004\070\004\077\004\113}{subsection.2.5.6}% 36
\BOOKMARK [3][-]{subsubsection.2.5.6.3}{\376\377\004\044\004\103\004\075\004\072\004\106\004\070\004\070}{subsection.2.5.6}% 37
\BOOKMARK [2][-]{subsection.2.5.7}{\376\377\004\044\004\060\004\071\004\073\000\040\000i\000n\000c\000l\000u\000d\000e\000/\000u\000t\000i\000l\000/\000n\000e\000t\000w\000o\000r\000k\000.\000h}{section.2.5}% 38
\BOOKMARK [3][-]{subsubsection.2.5.7.1}{\376\377\004\042\004\070\004\077\004\113}{subsection.2.5.7}% 39
\BOOKMARK [3][-]{subsubsection.2.5.7.2}{\376\377\004\044\004\103\004\075\004\072\004\106\004\070\004\070}{subsection.2.5.7}% 40
\BOOKMARK [1][-]{section.2.6}{\376\377\004\027\004\060\004\072\004\073\004\116\004\107\004\065\004\075\004\070\004\065}{chapter.2}% 41
\BOOKMARK [1][-]{section.2.7}{\376\377\004\041\004\077\004\070\004\101\004\076\004\072\000\040\004\070\004\101\004\102\004\076\004\107\004\075\004\070\004\072\004\076\004\062\000\040\004\070\000\040\004\073\004\070\004\102\004\065\004\100\004\060\004\102\004\103\004\100\004\113}{chapter.2}% 42
